Sat, 23 Jun 2018 23:36:42 log.py[line:144] INFO Scrapy 1.4.0 started (bot: pornnet)
Sat, 23 Jun 2018 23:36:42 log.py[line:147] INFO Overridden settings: {'BOT_NAME': 'pornnet', 'CONCURRENT_REQUESTS': 20, 'DOWNLOAD_DELAY': 1, 'FEED_FORMAT': 'CSV', 'FEED_URI': '/Users/xiyouMc/Documents/pornhub.csv', 'NEWSPIDER_MODULE': 'pornnet.spiders', 'REDIRECT_ENABLED': False, 'ROBOTSTXT_OBEY': True, 'SCHEDULER_DISK_QUEUE': 'scrapy.squeues.PickleFifoDiskQueue', 'SCHEDULER_MEMORY_QUEUE': 'scrapy.squeues.FifoMemoryQueue', 'SPIDER_MODULES': ['pornnet.spiders']}
Sat, 23 Jun 2018 23:36:42 middleware.py[line:53] INFO Enabled extensions:
['scrapy.extensions.corestats.CoreStats',
 'scrapy.extensions.telnet.TelnetConsole',
 'scrapy.extensions.feedexport.FeedExporter',
 'scrapy.extensions.logstats.LogStats']
Sat, 23 Jun 2018 23:36:42 middleware.py[line:53] INFO Enabled downloader middlewares:
['scrapy.downloadermiddlewares.robotstxt.RobotsTxtMiddleware',
 'scrapy.downloadermiddlewares.httpauth.HttpAuthMiddleware',
 'scrapy.downloadermiddlewares.downloadtimeout.DownloadTimeoutMiddleware',
 'scrapy.downloadermiddlewares.defaultheaders.DefaultHeadersMiddleware',
 'pornnet.middlewares.UserAgentMiddleware',
 'pornnet.middlewares.CookiesMiddleware',
 'scrapy.downloadermiddlewares.useragent.UserAgentMiddleware',
 'scrapy.downloadermiddlewares.retry.RetryMiddleware',
 'scrapy.downloadermiddlewares.redirect.MetaRefreshMiddleware',
 'scrapy.downloadermiddlewares.httpcompression.HttpCompressionMiddleware',
 'scrapy.downloadermiddlewares.cookies.CookiesMiddleware',
 'scrapy.downloadermiddlewares.httpproxy.HttpProxyMiddleware',
 'scrapy.downloadermiddlewares.stats.DownloaderStats']
Sat, 23 Jun 2018 23:36:42 middleware.py[line:53] INFO Enabled spider middlewares:
['scrapy.spidermiddlewares.httperror.HttpErrorMiddleware',
 'scrapy.spidermiddlewares.offsite.OffsiteMiddleware',
 'scrapy.spidermiddlewares.referer.RefererMiddleware',
 'scrapy.spidermiddlewares.urllength.UrlLengthMiddleware',
 'scrapy.spidermiddlewares.depth.DepthMiddleware']
Sat, 23 Jun 2018 23:36:42 middleware.py[line:53] INFO Enabled item pipelines:
[]
Sat, 23 Jun 2018 23:36:42 engine.py[line:256] INFO Spider opened
Sat, 23 Jun 2018 23:36:42 logstats.py[line:48] INFO Crawled 0 pages (at 0 pages/min), scraped 0 items (at 0 items/min)
Sat, 23 Jun 2018 23:36:42 telnet.py[line:60] DEBUG Telnet console listening on 127.0.0.1:6023
Sat, 23 Jun 2018 23:36:42 engine.py[line:238] DEBUG Crawled (301) <GET https://pornhub.com/robots.txt> (referer: None)
Sat, 23 Jun 2018 23:36:43 engine.py[line:238] DEBUG Crawled (301) <GET https://pornhub.com/> (referer: None)
Sat, 23 Jun 2018 23:36:44 httperror.py[line:55] INFO Ignoring response <301 https://pornhub.com/>: HTTP status code is not handled or not allowed
Sat, 23 Jun 2018 23:36:45 engine.py[line:238] DEBUG Crawled (301) <GET https://pornhub.com/video?o=ht> (referer: None)
Sat, 23 Jun 2018 23:36:45 httperror.py[line:55] INFO Ignoring response <301 https://pornhub.com/video?o=ht>: HTTP status code is not handled or not allowed
Sat, 23 Jun 2018 23:36:46 engine.py[line:238] DEBUG Crawled (301) <GET https://pornhub.com/recommended> (referer: None)
Sat, 23 Jun 2018 23:36:47 httperror.py[line:55] INFO Ignoring response <301 https://pornhub.com/recommended>: HTTP status code is not handled or not allowed
Sat, 23 Jun 2018 23:36:48 engine.py[line:238] DEBUG Crawled (301) <GET https://pornhub.com/video?o=mv> (referer: None)
Sat, 23 Jun 2018 23:36:48 httperror.py[line:55] INFO Ignoring response <301 https://pornhub.com/video?o=mv>: HTTP status code is not handled or not allowed
Sat, 23 Jun 2018 23:36:49 engine.py[line:238] DEBUG Crawled (301) <GET https://pornhub.com/video?o=tr> (referer: None)
Sat, 23 Jun 2018 23:36:49 httperror.py[line:55] INFO Ignoring response <301 https://pornhub.com/video?o=tr>: HTTP status code is not handled or not allowed
Sat, 23 Jun 2018 23:36:49 engine.py[line:295] INFO Closing spider (finished)
Sat, 23 Jun 2018 23:36:49 statscollectors.py[line:47] INFO Dumping Scrapy stats:
{'downloader/request_bytes': 3054,
 'downloader/request_count': 6,
 'downloader/request_method_count/GET': 6,
 'downloader/response_bytes': 2685,
 'downloader/response_count': 6,
 'downloader/response_status_count/301': 6,
 'finish_reason': 'finished',
 'finish_time': datetime.datetime(2018, 6, 24, 3, 36, 49, 755076),
 'httperror/response_ignored_count': 5,
 'httperror/response_ignored_status_count/301': 5,
 'log_count/DEBUG': 7,
 'log_count/INFO': 12,
 'response_received_count': 6,
 'scheduler/dequeued': 5,
 'scheduler/dequeued/memory': 5,
 'scheduler/enqueued': 5,
 'scheduler/enqueued/memory': 5,
 'start_time': datetime.datetime(2018, 6, 24, 3, 36, 42, 503096)}
Sat, 23 Jun 2018 23:36:49 engine.py[line:326] INFO Spider closed (finished)
